<?xml version="1.0" encoding="UTF-8"?>
<testsuite xmlns:xsi="http://www.w3.org/2001/XMLSchema-instance" xsi:noNamespaceSchemaLocation="https://maven.apache.org/surefire/maven-surefire-plugin/xsd/surefire-test-report.xsd" name="AccountDepositTest" time="0.002" tests="4" errors="0" skipped="0" failures="0">
  <properties>
[...]
</properties>
  <testcase name="deposit zero amount of money should throw an exception$kata_bank_account" classname="AccountDepositTest" time="0"/>
  <testcase name="deposit negative amount of money should throw an exception$kata_bank_account" classname="AccountDepositTest" time="0"/>
  <testcase name="deposit an amount in different account&apos;s currency should should throw an exception$kata_bank_account" classname="AccountDepositTest" time="0"/>
  <testcase name="deposit money to account should create deposit transaction$kata_bank_account" classname="AccountDepositTest" time="0.002"/>
</testsuite>